<?xml version="1.0" encoding="UTF-8"?>
<testng-results skipped="0" failed="1" ignored="0" total="3" passed="2">
  <reporter-output>
  </reporter-output>
  <suite name="Default suite" duration-ms="896210" started-at="2021-08-06T21:46:21 IST" finished-at="2021-08-06T22:01:18 IST">
    <groups>
    </groups>
    <test name="Default test" duration-ms="896210" started-at="2021-08-06T21:46:21 IST" finished-at="2021-08-06T22:01:18 IST">
      <class name="com.youtube.testCases.YouTubeTest">
        <test-method status="PASS" signature="setLog4j()[pri:0, instance:com.youtube.testCases.YouTubeTest@2bbf4b8b]" name="setLog4j" is-config="true" duration-ms="130" started-at="2021-08-06T21:46:21 IST" finished-at="2021-08-06T21:46:21 IST">
          <reporter-output>
          </reporter-output>
        </test-method> <!-- setLog4j -->
        <test-method status="PASS" signature="setUp()[pri:0, instance:com.youtube.testCases.YouTubeTest@2bbf4b8b]" name="setUp" is-config="true" duration-ms="19328" started-at="2021-08-06T21:46:21 IST" finished-at="2021-08-06T21:46:41 IST">
          <reporter-output>
          </reporter-output>
        </test-method> <!-- setUp -->
        <test-method status="PASS" signature="verifyLogoDisplayedInHomePage(java.lang.reflect.Method)[pri:1, instance:com.youtube.testCases.YouTubeTest@2bbf4b8b]" name="verifyLogoDisplayedInHomePage" duration-ms="67" started-at="2021-08-06T21:46:41 IST" finished-at="2021-08-06T21:46:41 IST">
          <params>
            <param index="0">
              <value>
                <![CDATA[public void com.youtube.testCases.YouTubeTest.verifyLogoDisplayedInHomePage(java.lang.reflect.Method)]]>
              </value>
            </param>
          </params>
          <reporter-output>
          </reporter-output>
        </test-method> <!-- verifyLogoDisplayedInHomePage -->
        <test-method status="PASS" signature="tearDown(org.testng.ITestResult)[pri:0, instance:com.youtube.testCases.YouTubeTest@2bbf4b8b]" name="tearDown" is-config="true" duration-ms="5007" started-at="2021-08-06T21:46:41 IST" finished-at="2021-08-06T21:46:46 IST">
          <params>
            <param index="0">
              <value>
                <![CDATA[[TestResult name=verifyLogoDisplayedInHomePage status=SUCCESS method=YouTubeTest.verifyLogoDisplayedInHomePage(java.lang.reflect.Method)[pri:1, instance:com.youtube.testCases.YouTubeTest@2bbf4b8b] output={null}]]]>
              </value>
            </param>
          </params>
          <reporter-output>
          </reporter-output>
        </test-method> <!-- tearDown -->
        <test-method status="FAIL" signature="verifyAllListedAppsDisplayed(java.lang.reflect.Method)[pri:2, instance:com.youtube.testCases.YouTubeTest@2bbf4b8b]" name="verifyAllListedAppsDisplayed" duration-ms="5322" started-at="2021-08-06T21:46:46 IST" finished-at="2021-08-06T21:46:51 IST">
          <params>
            <param index="0">
              <value>
                <![CDATA[public void com.youtube.testCases.YouTubeTest.verifyAllListedAppsDisplayed(java.lang.reflect.Method) throws java.lang.InterruptedException]]>
              </value>
            </param>
          </params>
          <exception class="java.lang.AssertionError">
            <message>
              <![CDATA[dropdown did not displayed correctly]]>
            </message>
            <full-stacktrace>
              <![CDATA[java.lang.AssertionError: dropdown did not displayed correctly
at org.hamcrest.MatcherAssert.assertThat(MatcherAssert.java:26)
at com.youtube.testCases.YouTubeTest.verifyAllListedAppsDisplayed(YouTubeTest.java:47)
at sun.reflect.NativeMethodAccessorImpl.invoke0(Native Method)
at sun.reflect.NativeMethodAccessorImpl.invoke(NativeMethodAccessorImpl.java:62)
at sun.reflect.DelegatingMethodAccessorImpl.invoke(DelegatingMethodAccessorImpl.java:43)
at java.lang.reflect.Method.invoke(Method.java:498)
at org.testng.internal.MethodInvocationHelper.invokeMethod(MethodInvocationHelper.java:134)
at org.testng.internal.TestInvoker.invokeMethod(TestInvoker.java:597)
at org.testng.internal.TestInvoker.invokeTestMethod(TestInvoker.java:173)
at org.testng.internal.MethodRunner.runInSequence(MethodRunner.java:46)
at org.testng.internal.TestInvoker$MethodInvocationAgent.invoke(TestInvoker.java:816)
at org.testng.internal.TestInvoker.invokeTestMethods(TestInvoker.java:146)
at org.testng.internal.TestMethodWorker.invokeTestMethods(TestMethodWorker.java:146)
at org.testng.internal.TestMethodWorker.run(TestMethodWorker.java:128)
at java.util.ArrayList.forEach(ArrayList.java:1257)
at org.testng.TestRunner.privateRun(TestRunner.java:766)
at org.testng.TestRunner.run(TestRunner.java:587)
at org.testng.SuiteRunner.runTest(SuiteRunner.java:384)
at org.testng.SuiteRunner.runSequentially(SuiteRunner.java:378)
at org.testng.SuiteRunner.privateRun(SuiteRunner.java:337)
at org.testng.SuiteRunner.run(SuiteRunner.java:286)
at org.testng.SuiteRunnerWorker.runSuite(SuiteRunnerWorker.java:53)
at org.testng.SuiteRunnerWorker.run(SuiteRunnerWorker.java:96)
at org.testng.TestNG.runSuitesSequentially(TestNG.java:1187)
at org.testng.TestNG.runSuitesLocally(TestNG.java:1109)
at org.testng.TestNG.runSuites(TestNG.java:1039)
at org.testng.TestNG.run(TestNG.java:1007)
at org.testng.remote.AbstractRemoteTestNG.run(AbstractRemoteTestNG.java:115)
at org.testng.remote.RemoteTestNG.initAndRun(RemoteTestNG.java:251)
at org.testng.remote.RemoteTestNG.main(RemoteTestNG.java:77)
]]>
            </full-stacktrace>
          </exception> <!-- java.lang.AssertionError -->
          <reporter-output>
          </reporter-output>
        </test-method> <!-- verifyAllListedAppsDisplayed -->
        <test-method status="PASS" signature="tearDown(org.testng.ITestResult)[pri:0, instance:com.youtube.testCases.YouTubeTest@2bbf4b8b]" name="tearDown" is-config="true" duration-ms="5570" started-at="2021-08-06T21:46:51 IST" finished-at="2021-08-06T21:46:57 IST">
          <params>
            <param index="0">
              <value>
                <![CDATA[[TestResult name=verifyAllListedAppsDisplayed status=FAILURE method=YouTubeTest.verifyAllListedAppsDisplayed(java.lang.reflect.Method)[pri:2, instance:com.youtube.testCases.YouTubeTest@2bbf4b8b] output={null}]]]>
              </value>
            </param>
          </params>
          <reporter-output>
          </reporter-output>
        </test-method> <!-- tearDown -->
        <test-method status="PASS" signature="verifyUserIsAbleToSearchAndScrollTillEnd(java.lang.reflect.Method)[pri:2, instance:com.youtube.testCases.YouTubeTest@2bbf4b8b]" name="verifyUserIsAbleToSearchAndScrollTillEnd" duration-ms="853200" started-at="2021-08-06T21:46:57 IST" finished-at="2021-08-06T22:01:10 IST">
          <params>
            <param index="0">
              <value>
                <![CDATA[public void com.youtube.testCases.YouTubeTest.verifyUserIsAbleToSearchAndScrollTillEnd(java.lang.reflect.Method) throws java.lang.InterruptedException]]>
              </value>
            </param>
          </params>
          <reporter-output>
          </reporter-output>
        </test-method> <!-- verifyUserIsAbleToSearchAndScrollTillEnd -->
        <test-method status="PASS" signature="tearDown(org.testng.ITestResult)[pri:0, instance:com.youtube.testCases.YouTubeTest@2bbf4b8b]" name="tearDown" is-config="true" duration-ms="5012" started-at="2021-08-06T22:01:10 IST" finished-at="2021-08-06T22:01:15 IST">
          <params>
            <param index="0">
              <value>
                <![CDATA[[TestResult name=verifyUserIsAbleToSearchAndScrollTillEnd status=SUCCESS method=YouTubeTest.verifyUserIsAbleToSearchAndScrollTillEnd(java.lang.reflect.Method)[pri:2, instance:com.youtube.testCases.YouTubeTest@2bbf4b8b] output={null}]]]>
              </value>
            </param>
          </params>
          <reporter-output>
          </reporter-output>
        </test-method> <!-- tearDown -->
        <test-method status="PASS" signature="endReport()[pri:0, instance:com.youtube.testCases.YouTubeTest@2bbf4b8b]" name="endReport" is-config="true" duration-ms="2521" started-at="2021-08-06T22:01:15 IST" finished-at="2021-08-06T22:01:18 IST">
          <reporter-output>
          </reporter-output>
        </test-method> <!-- endReport -->
      </class> <!-- com.youtube.testCases.YouTubeTest -->
    </test> <!-- Default test -->
  </suite> <!-- Default suite -->
</testng-results>
